Dec 14, 2013 5:29:03 PM org.apache.catalina.core.AprLifecycleListener init
INFO: The APR based Apache Tomcat Native library which allows optimal performance in production environments was not found on the java.library.path: .:/Library/Java/Extensions:/System/Library/Java/Extensions:/usr/lib/java
Dec 14, 2013 5:29:04 PM org.apache.coyote.http11.Http11Protocol init
INFO: Initializing Coyote HTTP/1.1 on http-8080
Dec 14, 2013 5:29:04 PM org.apache.catalina.startup.Catalina load
INFO: Initialization processed in 389 ms
Dec 14, 2013 5:29:04 PM org.apache.catalina.core.StandardService start
INFO: Starting service Catalina
Dec 14, 2013 5:29:04 PM org.apache.catalina.core.StandardEngine start
INFO: Starting Servlet Engine: Apache Tomcat/6.0.37
Dec 14, 2013 5:29:04 PM org.apache.catalina.startup.HostConfig deployDescriptor
INFO: Deploying configuration descriptor gwtTest.xml
Dec 14, 2013 5:29:04 PM org.apache.catalina.core.StandardContext resourcesStart
SEVERE: Error starting static Resources
java.lang.IllegalArgumentException: Document base /Users/AndySmith/test_tomcat/webapps/gwtTest does not exist or is not a readable directory
	at org.apache.naming.resources.FileDirContext.setDocBase(FileDirContext.java:142)
	at org.apache.catalina.core.StandardContext.resourcesStart(StandardContext.java:4320)
	at org.apache.catalina.core.StandardContext.start(StandardContext.java:4489)
	at org.apache.catalina.core.ContainerBase.addChildInternal(ContainerBase.java:799)
	at org.apache.catalina.core.ContainerBase.addChild(ContainerBase.java:779)
	at org.apache.catalina.core.StandardHost.addChild(StandardHost.java:601)
	at org.apache.catalina.startup.HostConfig.deployDescriptor(HostConfig.java:675)
	at org.apache.catalina.startup.HostConfig.deployDescriptors(HostConfig.java:601)
	at org.apache.catalina.startup.HostConfig.deployApps(HostConfig.java:502)
	at org.apache.catalina.startup.HostConfig.start(HostConfig.java:1317)
	at org.apache.catalina.startup.HostConfig.lifecycleEvent(HostConfig.java:324)
	at org.apache.catalina.util.LifecycleSupport.fireLifecycleEvent(LifecycleSupport.java:142)
	at org.apache.catalina.core.ContainerBase.start(ContainerBase.java:1065)
	at org.apache.catalina.core.StandardHost.start(StandardHost.java:840)
	at org.apache.catalina.core.ContainerBase.start(ContainerBase.java:1057)
	at org.apache.catalina.core.StandardEngine.start(StandardEngine.java:463)
	at org.apache.catalina.core.StandardService.start(StandardService.java:525)
	at org.apache.catalina.core.StandardServer.start(StandardServer.java:754)
	at org.apache.catalina.startup.Catalina.start(Catalina.java:595)
	at sun.reflect.NativeMethodAccessorImpl.invoke0(Native Method)
	at sun.reflect.NativeMethodAccessorImpl.invoke(NativeMethodAccessorImpl.java:39)
	at sun.reflect.DelegatingMethodAccessorImpl.invoke(DelegatingMethodAccessorImpl.java:25)
	at java.lang.reflect.Method.invoke(Method.java:597)
	at org.apache.catalina.startup.Bootstrap.start(Bootstrap.java:289)
	at org.apache.catalina.startup.Bootstrap.main(Bootstrap.java:414)
Dec 14, 2013 5:29:04 PM org.apache.catalina.core.StandardContext start
SEVERE: Error in resourceStart()
Dec 14, 2013 5:29:04 PM org.apache.catalina.core.StandardContext start
SEVERE: Error getConfigured
Dec 14, 2013 5:29:04 PM org.apache.catalina.core.StandardContext start
SEVERE: Context [/gwtTest] startup failed due to previous errors
Dec 14, 2013 5:29:04 PM org.apache.catalina.core.StandardContext stop
INFO: Container org.apache.catalina.core.ContainerBase.[Catalina].[localhost].[/gwtTest] has not been started
Dec 14, 2013 5:29:04 PM org.apache.catalina.startup.HostConfig deployDescriptor
INFO: Deploying configuration descriptor host-manager.xml
Dec 14, 2013 5:29:04 PM org.apache.catalina.startup.HostConfig deployDescriptor
INFO: Deploying configuration descriptor manager.xml
Dec 14, 2013 5:29:04 PM org.apache.catalina.startup.HostConfig deployWAR
INFO: Deploying web application archive gwttestl.war
Dec 14, 2013 5:29:06 PM org.apache.catalina.startup.HostConfig deployDirectory
INFO: Deploying web application directory docs
Dec 14, 2013 5:29:07 PM org.apache.catalina.startup.HostConfig deployDirectory
INFO: Deploying web application directory examples
Dec 14, 2013 5:29:07 PM org.apache.catalina.startup.HostConfig deployDirectory
INFO: Deploying web application directory ROOT
Dec 14, 2013 5:29:07 PM org.apache.coyote.http11.Http11Protocol start
INFO: Starting Coyote HTTP/1.1 on http-8080
Dec 14, 2013 5:29:07 PM org.apache.jk.common.ChannelSocket init
INFO: JK: ajp13 listening on /0.0.0.0:8009
Dec 14, 2013 5:29:07 PM org.apache.jk.server.JkMain start
INFO: Jk running ID=0 time=0/12  config=null
Dec 14, 2013 5:29:07 PM org.apache.catalina.startup.Catalina start
INFO: Server startup in 3164 ms
Dec 14, 2013 7:51:15 PM org.apache.coyote.http11.Http11Protocol pause
INFO: Pausing Coyote HTTP/1.1 on http-8080
Dec 14, 2013 7:51:16 PM org.apache.catalina.core.StandardService stop
INFO: Stopping service Catalina
Dec 14, 2013 7:51:16 PM org.apache.coyote.http11.Http11Protocol destroy
INFO: Stopping Coyote HTTP/1.1 on http-8080
