Nov 16, 2013 6:54:39 PM org.apache.catalina.core.AprLifecycleListener init
INFO: The APR based Apache Tomcat Native library which allows optimal performance in production environments was not found on the java.library.path: .:/Library/Java/Extensions:/System/Library/Java/Extensions:/usr/lib/java
Nov 16, 2013 6:54:39 PM org.apache.coyote.http11.Http11Protocol init
SEVERE: Error initializing endpoint
java.net.BindException: Address already in use <null>:8080
	at org.apache.tomcat.util.net.JIoEndpoint.init(JIoEndpoint.java:549)
	at org.apache.coyote.http11.Http11Protocol.init(Http11Protocol.java:180)
	at org.apache.catalina.connector.Connector.initialize(Connector.java:1123)
	at org.apache.catalina.core.StandardService.initialize(StandardService.java:703)
	at org.apache.catalina.core.StandardServer.initialize(StandardServer.java:838)
	at org.apache.catalina.startup.Catalina.load(Catalina.java:538)
	at org.apache.catalina.startup.Catalina.load(Catalina.java:562)
	at sun.reflect.NativeMethodAccessorImpl.invoke0(Native Method)
	at sun.reflect.NativeMethodAccessorImpl.invoke(NativeMethodAccessorImpl.java:39)
	at sun.reflect.DelegatingMethodAccessorImpl.invoke(DelegatingMethodAccessorImpl.java:25)
	at java.lang.reflect.Method.invoke(Method.java:597)
	at org.apache.catalina.startup.Bootstrap.load(Bootstrap.java:261)
	at org.apache.catalina.startup.Bootstrap.main(Bootstrap.java:413)
Caused by: java.net.BindException: Address already in use
	at java.net.PlainSocketImpl.socketBind(Native Method)
	at java.net.PlainSocketImpl.socketBind(PlainSocketImpl.java:521)
	at java.net.PlainSocketImpl.bind(PlainSocketImpl.java:414)
	at java.net.ServerSocket.bind(ServerSocket.java:326)
	at java.net.ServerSocket.<init>(ServerSocket.java:192)
	at java.net.ServerSocket.<init>(ServerSocket.java:148)
	at org.apache.tomcat.util.net.DefaultServerSocketFactory.createSocket(DefaultServerSocketFactory.java:50)
	at org.apache.tomcat.util.net.JIoEndpoint.init(JIoEndpoint.java:538)
	... 12 more
Nov 16, 2013 6:54:39 PM org.apache.catalina.core.StandardService initialize
SEVERE: Failed to initialize connector [Connector[HTTP/1.1-8080]]
LifecycleException:  Protocol handler initialization failed: java.net.BindException: Address already in use <null>:8080
	at org.apache.catalina.connector.Connector.initialize(Connector.java:1125)
	at org.apache.catalina.core.StandardService.initialize(StandardService.java:703)
	at org.apache.catalina.core.StandardServer.initialize(StandardServer.java:838)
	at org.apache.catalina.startup.Catalina.load(Catalina.java:538)
	at org.apache.catalina.startup.Catalina.load(Catalina.java:562)
	at sun.reflect.NativeMethodAccessorImpl.invoke0(Native Method)
	at sun.reflect.NativeMethodAccessorImpl.invoke(NativeMethodAccessorImpl.java:39)
	at sun.reflect.DelegatingMethodAccessorImpl.invoke(DelegatingMethodAccessorImpl.java:25)
	at java.lang.reflect.Method.invoke(Method.java:597)
	at org.apache.catalina.startup.Bootstrap.load(Bootstrap.java:261)
	at org.apache.catalina.startup.Bootstrap.main(Bootstrap.java:413)
Nov 16, 2013 6:54:39 PM org.apache.catalina.startup.Catalina load
INFO: Initialization processed in 408 ms
Nov 16, 2013 6:54:39 PM org.apache.catalina.core.StandardService start
INFO: Starting service Catalina
Nov 16, 2013 6:54:39 PM org.apache.catalina.core.StandardEngine start
INFO: Starting Servlet Engine: Apache Tomcat/6.0.37
Nov 16, 2013 6:54:39 PM org.apache.catalina.startup.HostConfig deployDescriptor
INFO: Deploying configuration descriptor gwtTest.xml
Nov 16, 2013 6:54:39 PM org.apache.catalina.core.StandardContext resourcesStart
SEVERE: Error starting static Resources
java.lang.IllegalArgumentException: Document base /Users/AndySmith/test_tomcat/webapps/gwtTest does not exist or is not a readable directory
	at org.apache.naming.resources.FileDirContext.setDocBase(FileDirContext.java:142)
	at org.apache.catalina.core.StandardContext.resourcesStart(StandardContext.java:4320)
	at org.apache.catalina.core.StandardContext.start(StandardContext.java:4489)
	at org.apache.catalina.core.ContainerBase.addChildInternal(ContainerBase.java:799)
	at org.apache.catalina.core.ContainerBase.addChild(ContainerBase.java:779)
	at org.apache.catalina.core.StandardHost.addChild(StandardHost.java:601)
	at org.apache.catalina.startup.HostConfig.deployDescriptor(HostConfig.java:675)
	at org.apache.catalina.startup.HostConfig.deployDescriptors(HostConfig.java:601)
	at org.apache.catalina.startup.HostConfig.deployApps(HostConfig.java:502)
	at org.apache.catalina.startup.HostConfig.start(HostConfig.java:1317)
	at org.apache.catalina.startup.HostConfig.lifecycleEvent(HostConfig.java:324)
	at org.apache.catalina.util.LifecycleSupport.fireLifecycleEvent(LifecycleSupport.java:142)
	at org.apache.catalina.core.ContainerBase.start(ContainerBase.java:1065)
	at org.apache.catalina.core.StandardHost.start(StandardHost.java:840)
	at org.apache.catalina.core.ContainerBase.start(ContainerBase.java:1057)
	at org.apache.catalina.core.StandardEngine.start(StandardEngine.java:463)
	at org.apache.catalina.core.StandardService.start(StandardService.java:525)
	at org.apache.catalina.core.StandardServer.start(StandardServer.java:754)
	at org.apache.catalina.startup.Catalina.start(Catalina.java:595)
	at sun.reflect.NativeMethodAccessorImpl.invoke0(Native Method)
	at sun.reflect.NativeMethodAccessorImpl.invoke(NativeMethodAccessorImpl.java:39)
	at sun.reflect.DelegatingMethodAccessorImpl.invoke(DelegatingMethodAccessorImpl.java:25)
	at java.lang.reflect.Method.invoke(Method.java:597)
	at org.apache.catalina.startup.Bootstrap.start(Bootstrap.java:289)
	at org.apache.catalina.startup.Bootstrap.main(Bootstrap.java:414)
Nov 16, 2013 6:54:39 PM org.apache.catalina.core.StandardContext start
SEVERE: Error in resourceStart()
Nov 16, 2013 6:54:39 PM org.apache.catalina.core.StandardContext start
SEVERE: Error getConfigured
Nov 16, 2013 6:54:39 PM org.apache.catalina.core.StandardContext start
SEVERE: Context [/gwtTest] startup failed due to previous errors
Nov 16, 2013 6:54:39 PM org.apache.catalina.core.StandardContext stop
INFO: Container org.apache.catalina.core.ContainerBase.[Catalina].[localhost].[/gwtTest] has not been started
Nov 16, 2013 6:54:39 PM org.apache.catalina.startup.HostConfig deployDescriptor
INFO: Deploying configuration descriptor host-manager.xml
Nov 16, 2013 6:54:39 PM org.apache.catalina.startup.HostConfig deployDescriptor
INFO: Deploying configuration descriptor manager.xml
Nov 16, 2013 6:54:40 PM org.apache.catalina.startup.HostConfig deployDirectory
INFO: Deploying web application directory docs
Nov 16, 2013 6:54:40 PM org.apache.catalina.startup.HostConfig deployDirectory
INFO: Deploying web application directory examples
Nov 16, 2013 6:54:40 PM org.apache.catalina.startup.HostConfig deployDirectory
INFO: Deploying web application directory ROOT
Nov 16, 2013 6:54:40 PM org.apache.coyote.http11.Http11Protocol start
SEVERE: Error starting endpoint
java.net.BindException: Address already in use <null>:8080
	at org.apache.tomcat.util.net.JIoEndpoint.init(JIoEndpoint.java:549)
	at org.apache.tomcat.util.net.JIoEndpoint.start(JIoEndpoint.java:565)
	at org.apache.coyote.http11.Http11Protocol.start(Http11Protocol.java:207)
	at org.apache.catalina.connector.Connector.start(Connector.java:1196)
	at org.apache.catalina.core.StandardService.start(StandardService.java:540)
	at org.apache.catalina.core.StandardServer.start(StandardServer.java:754)
	at org.apache.catalina.startup.Catalina.start(Catalina.java:595)
	at sun.reflect.NativeMethodAccessorImpl.invoke0(Native Method)
	at sun.reflect.NativeMethodAccessorImpl.invoke(NativeMethodAccessorImpl.java:39)
	at sun.reflect.DelegatingMethodAccessorImpl.invoke(DelegatingMethodAccessorImpl.java:25)
	at java.lang.reflect.Method.invoke(Method.java:597)
	at org.apache.catalina.startup.Bootstrap.start(Bootstrap.java:289)
	at org.apache.catalina.startup.Bootstrap.main(Bootstrap.java:414)
Caused by: java.net.BindException: Address already in use
	at java.net.PlainSocketImpl.socketBind(Native Method)
	at java.net.PlainSocketImpl.socketBind(PlainSocketImpl.java:521)
	at java.net.PlainSocketImpl.bind(PlainSocketImpl.java:414)
	at java.net.ServerSocket.bind(ServerSocket.java:326)
	at java.net.ServerSocket.<init>(ServerSocket.java:192)
	at java.net.ServerSocket.<init>(ServerSocket.java:148)
	at org.apache.tomcat.util.net.DefaultServerSocketFactory.createSocket(DefaultServerSocketFactory.java:50)
	at org.apache.tomcat.util.net.JIoEndpoint.init(JIoEndpoint.java:538)
	... 12 more
Nov 16, 2013 6:54:40 PM org.apache.catalina.core.StandardService start
SEVERE: Failed to start connector [Connector[HTTP/1.1-8080]]
LifecycleException:  service.getName(): "Catalina";  Protocol handler start failed: java.net.BindException: Address already in use <null>:8080
	at org.apache.catalina.connector.Connector.start(Connector.java:1203)
	at org.apache.catalina.core.StandardService.start(StandardService.java:540)
	at org.apache.catalina.core.StandardServer.start(StandardServer.java:754)
	at org.apache.catalina.startup.Catalina.start(Catalina.java:595)
	at sun.reflect.NativeMethodAccessorImpl.invoke0(Native Method)
	at sun.reflect.NativeMethodAccessorImpl.invoke(NativeMethodAccessorImpl.java:39)
	at sun.reflect.DelegatingMethodAccessorImpl.invoke(DelegatingMethodAccessorImpl.java:25)
	at java.lang.reflect.Method.invoke(Method.java:597)
	at org.apache.catalina.startup.Bootstrap.start(Bootstrap.java:289)
	at org.apache.catalina.startup.Bootstrap.main(Bootstrap.java:414)
Nov 16, 2013 6:54:40 PM org.apache.jk.common.ChannelSocket init
INFO: Port busy 8009 java.net.BindException: Address already in use
Nov 16, 2013 6:54:40 PM org.apache.jk.common.ChannelSocket init
SEVERE: Can't find free port 8009 8009
Nov 16, 2013 6:54:40 PM org.apache.jk.server.JkMain start
INFO: Jk running ID=0 time=0/9  config=null
Nov 16, 2013 6:54:40 PM org.apache.catalina.startup.Catalina start
INFO: Server startup in 625 ms
Nov 16, 2013 6:54:40 PM org.apache.catalina.core.StandardServer await
SEVERE: StandardServer.await: create[8005]: 
java.net.BindException: Address already in use
	at java.net.PlainSocketImpl.socketBind(Native Method)
	at java.net.PlainSocketImpl.socketBind(PlainSocketImpl.java:521)
	at java.net.PlainSocketImpl.bind(PlainSocketImpl.java:414)
	at java.net.ServerSocket.bind(ServerSocket.java:326)
	at java.net.ServerSocket.<init>(ServerSocket.java:192)
	at org.apache.catalina.core.StandardServer.await(StandardServer.java:406)
	at org.apache.catalina.startup.Catalina.await(Catalina.java:676)
	at org.apache.catalina.startup.Catalina.start(Catalina.java:628)
	at sun.reflect.NativeMethodAccessorImpl.invoke0(Native Method)
	at sun.reflect.NativeMethodAccessorImpl.invoke(NativeMethodAccessorImpl.java:39)
	at sun.reflect.DelegatingMethodAccessorImpl.invoke(DelegatingMethodAccessorImpl.java:25)
	at java.lang.reflect.Method.invoke(Method.java:597)
	at org.apache.catalina.startup.Bootstrap.start(Bootstrap.java:289)
	at org.apache.catalina.startup.Bootstrap.main(Bootstrap.java:414)
Nov 16, 2013 6:54:40 PM org.apache.coyote.http11.Http11Protocol pause
INFO: Pausing Coyote HTTP/1.1 on http-8080
Nov 16, 2013 6:54:41 PM org.apache.catalina.core.StandardService stop
INFO: Stopping service Catalina
Nov 16, 2013 6:54:41 PM org.apache.coyote.http11.Http11Protocol destroy
INFO: Stopping Coyote HTTP/1.1 on http-8080
Nov 16, 2013 7:03:44 PM org.apache.catalina.core.AprLifecycleListener init
INFO: The APR based Apache Tomcat Native library which allows optimal performance in production environments was not found on the java.library.path: .:/Library/Java/Extensions:/System/Library/Java/Extensions:/usr/lib/java
Nov 16, 2013 7:03:44 PM org.apache.coyote.http11.Http11Protocol init
INFO: Initializing Coyote HTTP/1.1 on http-8080
Nov 16, 2013 7:03:44 PM org.apache.catalina.startup.Catalina load
INFO: Initialization processed in 399 ms
Nov 16, 2013 7:03:44 PM org.apache.catalina.core.StandardService start
INFO: Starting service Catalina
Nov 16, 2013 7:03:44 PM org.apache.catalina.core.StandardEngine start
INFO: Starting Servlet Engine: Apache Tomcat/6.0.37
Nov 16, 2013 7:03:44 PM org.apache.catalina.startup.HostConfig deployDescriptor
INFO: Deploying configuration descriptor gwtTest.xml
Nov 16, 2013 7:03:44 PM org.apache.catalina.core.StandardContext resourcesStart
SEVERE: Error starting static Resources
java.lang.IllegalArgumentException: Document base /Users/AndySmith/test_tomcat/webapps/gwtTest does not exist or is not a readable directory
	at org.apache.naming.resources.FileDirContext.setDocBase(FileDirContext.java:142)
	at org.apache.catalina.core.StandardContext.resourcesStart(StandardContext.java:4320)
	at org.apache.catalina.core.StandardContext.start(StandardContext.java:4489)
	at org.apache.catalina.core.ContainerBase.addChildInternal(ContainerBase.java:799)
	at org.apache.catalina.core.ContainerBase.addChild(ContainerBase.java:779)
	at org.apache.catalina.core.StandardHost.addChild(StandardHost.java:601)
	at org.apache.catalina.startup.HostConfig.deployDescriptor(HostConfig.java:675)
	at org.apache.catalina.startup.HostConfig.deployDescriptors(HostConfig.java:601)
	at org.apache.catalina.startup.HostConfig.deployApps(HostConfig.java:502)
	at org.apache.catalina.startup.HostConfig.start(HostConfig.java:1317)
	at org.apache.catalina.startup.HostConfig.lifecycleEvent(HostConfig.java:324)
	at org.apache.catalina.util.LifecycleSupport.fireLifecycleEvent(LifecycleSupport.java:142)
	at org.apache.catalina.core.ContainerBase.start(ContainerBase.java:1065)
	at org.apache.catalina.core.StandardHost.start(StandardHost.java:840)
	at org.apache.catalina.core.ContainerBase.start(ContainerBase.java:1057)
	at org.apache.catalina.core.StandardEngine.start(StandardEngine.java:463)
	at org.apache.catalina.core.StandardService.start(StandardService.java:525)
	at org.apache.catalina.core.StandardServer.start(StandardServer.java:754)
	at org.apache.catalina.startup.Catalina.start(Catalina.java:595)
	at sun.reflect.NativeMethodAccessorImpl.invoke0(Native Method)
	at sun.reflect.NativeMethodAccessorImpl.invoke(NativeMethodAccessorImpl.java:39)
	at sun.reflect.DelegatingMethodAccessorImpl.invoke(DelegatingMethodAccessorImpl.java:25)
	at java.lang.reflect.Method.invoke(Method.java:597)
	at org.apache.catalina.startup.Bootstrap.start(Bootstrap.java:289)
	at org.apache.catalina.startup.Bootstrap.main(Bootstrap.java:414)
Nov 16, 2013 7:03:44 PM org.apache.catalina.core.StandardContext start
SEVERE: Error in resourceStart()
Nov 16, 2013 7:03:44 PM org.apache.catalina.core.StandardContext start
SEVERE: Error getConfigured
Nov 16, 2013 7:03:44 PM org.apache.catalina.core.StandardContext start
SEVERE: Context [/gwtTest] startup failed due to previous errors
Nov 16, 2013 7:03:44 PM org.apache.catalina.core.StandardContext stop
INFO: Container org.apache.catalina.core.ContainerBase.[Catalina].[localhost].[/gwtTest] has not been started
Nov 16, 2013 7:03:44 PM org.apache.catalina.startup.HostConfig deployDescriptor
INFO: Deploying configuration descriptor host-manager.xml
Nov 16, 2013 7:03:45 PM org.apache.catalina.startup.HostConfig deployDescriptor
INFO: Deploying configuration descriptor manager.xml
Nov 16, 2013 7:03:45 PM org.apache.catalina.startup.HostConfig deployDirectory
INFO: Deploying web application directory docs
Nov 16, 2013 7:03:45 PM org.apache.catalina.startup.HostConfig deployDirectory
INFO: Deploying web application directory examples
Nov 16, 2013 7:03:45 PM org.apache.catalina.startup.HostConfig deployDirectory
INFO: Deploying web application directory ROOT
Nov 16, 2013 7:03:45 PM org.apache.coyote.http11.Http11Protocol start
INFO: Starting Coyote HTTP/1.1 on http-8080
Nov 16, 2013 7:03:45 PM org.apache.jk.common.ChannelSocket init
INFO: JK: ajp13 listening on /0.0.0.0:8009
Nov 16, 2013 7:03:45 PM org.apache.jk.server.JkMain start
INFO: Jk running ID=0 time=0/12  config=null
Nov 16, 2013 7:03:45 PM org.apache.catalina.startup.Catalina start
INFO: Server startup in 616 ms
Nov 16, 2013 7:04:27 PM org.apache.coyote.http11.Http11Protocol pause
INFO: Pausing Coyote HTTP/1.1 on http-8080
Nov 16, 2013 7:04:28 PM org.apache.catalina.core.StandardService stop
INFO: Stopping service Catalina
Nov 16, 2013 7:04:28 PM org.apache.coyote.http11.Http11Protocol destroy
INFO: Stopping Coyote HTTP/1.1 on http-8080
